izooto/build 3/intermediates/manifest_merge_blame_file/debug/manifest-merger-blame-debug-report.txt
1<?xml version="1.0" encoding="utf-8"?>
2<manifest xmlns:android="http://schemas.android.com/apk/res/android"
3    xmlns:tools="http://schemas.android.com/tools"
4    package="com.momagic"
5    android:versionCode="12"
6    android:versionName="1.1.5" >
7
8    <uses-sdk
9        android:minSdkVersion="17"
9-->src/main/AndroidManifest.xml
10        android:targetSdkVersion="31" />
10-->src/main/AndroidManifest.xml
11
12    <uses-permission android:name="android.permission.ACCESS_NETWORK_STATE" />
12-->src/main/AndroidManifest.xml:6:5-79
12-->src/main/AndroidManifest.xml:6:22-76
13    <uses-permission android:name="android.permission.INTERNET" />
13-->src/main/AndroidManifest.xml:7:5-67
13-->src/main/AndroidManifest.xml:7:22-64
14    <uses-permission android:name="android.permission.WAKE_LOCK" />
14-->src/main/AndroidManifest.xml:8:5-68
14-->src/main/AndroidManifest.xml:8:22-65
15    <uses-permission android:name="android.permission.VIBRATE" />
15-->src/main/AndroidManifest.xml:9:5-66
15-->src/main/AndroidManifest.xml:9:22-63
16    <uses-permission android:name="android.permission.ACCESS_WIFI_STATE" />
16-->src/main/AndroidManifest.xml:10:5-76
16-->src/main/AndroidManifest.xml:10:22-73
17    <uses-permission android:name="android.permission.READ_PHONE_STATE" />
17-->src/main/AndroidManifest.xml:11:5-75
17-->src/main/AndroidManifest.xml:11:22-72
18    <!-- <uses-permission android:name="android.permission.READ_EXTERNAL_STORAGE"/> -->
19    <!-- <uses-permission android:name="android.permission.WRITE_EXTERNAL_STORAGE"/> -->
20    <!-- <uses-permission android:name="WRITE_MEDIA_STORAGE"/> -->
21    <!-- <uses-permission android:name="android.permission.MANAGE_EXTERNAL_STORAGE" -->
22    <!-- tools:ignore="ScopedStorage" /> -->
23    <queries>
23-->src/main/AndroidManifest.xml:17:5-22:15
24        <intent>
24-->src/main/AndroidManifest.xml:18:9-21:18
25            <action android:name="android.support.customtabs.action.CustomTabsService" />
25-->src/main/AndroidManifest.xml:19:13-20:73
25-->src/main/AndroidManifest.xml:19:21-104
26        </intent>
27    </queries>
28
29    <permission
29-->src/main/AndroidManifest.xml:23:5-25:47
30        android:name="${applicationId}.permission.MIPUSH_RECEIVE"
30-->src/main/AndroidManifest.xml:24:9-66
31        android:protectionLevel="signature" />
31-->src/main/AndroidManifest.xml:25:9-44
32
33    <uses-permission android:name="${applicationId}.permission.MIPUSH_RECEIVE" />
33-->src/main/AndroidManifest.xml:27:5-82
33-->src/main/AndroidManifest.xml:27:22-79
34
35    <application
35-->src/main/AndroidManifest.xml:29:5-125:19
36        android:requestLegacyExternalStorage="true"
36-->src/main/AndroidManifest.xml:31:9-52
37        android:usesCleartextTraffic="true"
37-->src/main/AndroidManifest.xml:30:9-44
38        tools:targetApi="m" >
38-->src/main/AndroidManifest.xml:32:9-28
39        <activity
39-->src/main/AndroidManifest.xml:34:9-38:47
40            android:name="com.momagic.DATBWebViewActivity"
40-->src/main/AndroidManifest.xml:35:13-59
41            android:exported="false"
41-->src/main/AndroidManifest.xml:37:13-37
42            android:launchMode="singleTask"
42-->src/main/AndroidManifest.xml:38:13-44
43            android:screenOrientation="portrait" />
43-->src/main/AndroidManifest.xml:36:13-49
44
45        <meta-data
45-->src/main/AndroidManifest.xml:39:9-40:36
46            android:name="android.webkit.WebView.EnableSafeBrowsing"
46-->src/main/AndroidManifest.xml:39:20-76
47            android:value="true" />
47-->src/main/AndroidManifest.xml:40:13-33
48
49        <receiver
49-->src/main/AndroidManifest.xml:41:9-50:20
50            android:name="com.momagic.NotificationActionReceiver"
50-->src/main/AndroidManifest.xml:42:13-66
51            android:enabled="true"
51-->src/main/AndroidManifest.xml:43:13-35
52            android:exported="false" >
52-->src/main/AndroidManifest.xml:44:13-37
53            <intent-filter>
53-->src/main/AndroidManifest.xml:45:13-49:29
54                <action android:name="actionBtnOne" />
54-->src/main/AndroidManifest.xml:46:17-55
54-->src/main/AndroidManifest.xml:46:25-52
55                <action android:name="actionBtnTwo" />
55-->src/main/AndroidManifest.xml:47:17-55
55-->src/main/AndroidManifest.xml:47:25-52
56            </intent-filter>
57        </receiver>
58
59        <service
59-->src/main/AndroidManifest.xml:53:9-60:19
60            android:name="com.momagic.DATBMessagingService"
60-->src/main/AndroidManifest.xml:54:13-60
61            android:enabled="true"
61-->src/main/AndroidManifest.xml:55:13-35
62            android:exported="true" >
62-->src/main/AndroidManifest.xml:56:13-36
63            <intent-filter>
63-->src/main/AndroidManifest.xml:57:13-59:29
64                <action android:name="com.google.firebase.MESSAGING_EVENT" />
64-->src/main/AndroidManifest.xml:58:17-78
64-->src/main/AndroidManifest.xml:58:25-75
65            </intent-filter>
66        </service>
67
68        <meta-data
68-->src/main/AndroidManifest.xml:62:9-64:49
69            android:name="momagic_app_id"
69-->src/main/AndroidManifest.xml:63:13-42
70            android:value="${momagic_app_id}" />
70-->src/main/AndroidManifest.xml:64:13-46
71
72        <service
72-->src/main/AndroidManifest.xml:65:9-68:46
73            android:name="com.xiaomi.push.service.XMPushService"
73-->src/main/AndroidManifest.xml:66:13-65
74            android:enabled="true"
74-->src/main/AndroidManifest.xml:67:13-35
75            android:process=":pushservice" />
75-->src/main/AndroidManifest.xml:68:13-43
76        <service
76-->src/main/AndroidManifest.xml:70:9-75:46
77            android:name="com.xiaomi.push.service.XMJobService"
77-->src/main/AndroidManifest.xml:71:13-64
78            android:enabled="true"
78-->src/main/AndroidManifest.xml:72:13-35
79            android:exported="false"
79-->src/main/AndroidManifest.xml:73:13-37
80            android:permission="android.permission.BIND_JOB_SERVICE"
80-->src/main/AndroidManifest.xml:74:13-69
81            android:process=":pushservice" />
81-->src/main/AndroidManifest.xml:75:13-43
82        <service
82-->src/main/AndroidManifest.xml:77:9-80:39
83            android:name="com.xiaomi.mipush.sdk.PushMessageHandler"
83-->src/main/AndroidManifest.xml:78:13-68
84            android:enabled="true"
84-->src/main/AndroidManifest.xml:79:13-35
85            android:exported="true" />
85-->src/main/AndroidManifest.xml:80:13-36
86        <service
86-->src/main/AndroidManifest.xml:82:9-84:38
87            android:name="com.xiaomi.mipush.sdk.MessageHandleService"
87-->src/main/AndroidManifest.xml:83:13-70
88            android:enabled="true" />
88-->src/main/AndroidManifest.xml:84:13-35
89
90        <receiver
90-->src/main/AndroidManifest.xml:85:9-98:20
91            android:name="com.momagic.XiaomiPushReceiver"
91-->src/main/AndroidManifest.xml:87:13-47
92            android:exported="true" >
92-->src/main/AndroidManifest.xml:86:13-36
93
94            <!-- Here change com.xiaomi.mipushdemo.DemoMessageRreceiver to the class name defined in your app -->
95            <intent-filter>
95-->src/main/AndroidManifest.xml:89:13-91:29
96                <action android:name="com.xiaomi.mipush.RECEIVE_MESSAGE" />
96-->src/main/AndroidManifest.xml:90:17-76
96-->src/main/AndroidManifest.xml:90:25-73
97            </intent-filter>
98            <intent-filter>
98-->src/main/AndroidManifest.xml:92:13-94:29
99                <action android:name="com.xiaomi.mipush.MESSAGE_ARRIVED" />
99-->src/main/AndroidManifest.xml:93:17-76
99-->src/main/AndroidManifest.xml:93:25-73
100            </intent-filter>
101            <intent-filter>
101-->src/main/AndroidManifest.xml:95:13-97:29
102                <action android:name="com.xiaomi.mipush.ERROR" />
102-->src/main/AndroidManifest.xml:96:17-66
102-->src/main/AndroidManifest.xml:96:25-63
103            </intent-filter>
104        </receiver>
105        <receiver
105-->src/main/AndroidManifest.xml:100:9-109:20
106            android:name="com.xiaomi.push.service.receivers.NetworkStatusReceiver"
106-->src/main/AndroidManifest.xml:101:13-83
107            android:exported="true" >
107-->src/main/AndroidManifest.xml:102:13-36
108            <intent-filter>
108-->src/main/AndroidManifest.xml:103:13-108:29
109                <action
109-->src/main/AndroidManifest.xml:104:17-105:50
110                    android:name="android.net.conn.CONNECTIVITY_CHANGE"
110-->src/main/AndroidManifest.xml:104:25-76
111                    tools:ignore="BatteryLife" />
111-->src/main/AndroidManifest.xml:105:21-47
112
113                <category android:name="android.intent.category.DEFAULT" />
113-->src/main/AndroidManifest.xml:107:17-76
113-->src/main/AndroidManifest.xml:107:27-73
114            </intent-filter>
115        </receiver>
116        <receiver
116-->src/main/AndroidManifest.xml:110:9-117:20
117            android:name="com.xiaomi.push.service.receivers.PingReceiver"
117-->src/main/AndroidManifest.xml:111:13-74
118            android:exported="false"
118-->src/main/AndroidManifest.xml:112:13-37
119            android:process=":pushservice" >
119-->src/main/AndroidManifest.xml:113:13-43
120            <intent-filter>
120-->src/main/AndroidManifest.xml:114:13-116:29
121                <action android:name="com.xiaomi.push.PING_TIMER" />
121-->src/main/AndroidManifest.xml:115:17-69
121-->src/main/AndroidManifest.xml:115:25-66
122            </intent-filter>
123        </receiver>
124
125        <service
125-->src/main/AndroidManifest.xml:118:9-123:19
126            android:name="com.momagic.HmsMessagingService"
126-->src/main/AndroidManifest.xml:118:18-53
127            android:exported="false" >
127-->src/main/AndroidManifest.xml:119:13-37
128            <intent-filter>
128-->src/main/AndroidManifest.xml:120:13-122:29
129                <action android:name="com.huawei.push.action.MESSAGING_EVENT" />
129-->src/main/AndroidManifest.xml:121:17-80
129-->src/main/AndroidManifest.xml:121:25-78
130            </intent-filter>
131        </service>
132    </application>
133
134</manifest>